[2025-06-15T18:25:07.809Z] [info] 2004 포트에서 서버가 시작되었습니다.
[2025-06-15T18:25:07.811Z] [info] 2025-06-16 03:25:07
[2025-06-15T18:27:26.569Z] [info] 2004 포트에서 서버가 시작되었습니다.
[2025-06-15T18:27:26.571Z] [info] 2025-06-16 03:27:26
[2025-06-15T18:29:53.166Z] [info] 2004 포트에서 서버가 시작되었습니다.
[2025-06-15T18:29:53.168Z] [info] 2025-06-16 03:29:53
[2025-06-15T18:30:59.881Z] [info] 2004 포트에서 서버가 시작되었습니다.
[2025-06-15T18:30:59.883Z] [info] 2025-06-16 03:30:59
[2025-06-15T18:32:28.335Z] [info] 2004 포트에서 서버가 시작되었습니다.
[2025-06-15T18:32:28.336Z] [info] 2025-06-16 03:32:28
[2025-06-15T18:32:34.025Z] [info] 2004 포트에서 서버가 시작되었습니다.
[2025-06-15T18:32:34.027Z] [info] 2025-06-16 03:32:34
[2025-06-15T18:34:01.235Z] [info] 2004 포트에서 서버가 시작되었습니다.
[2025-06-15T18:34:01.237Z] [info] 2025-06-16 03:34:01
[2025-06-15T18:35:01.050Z] [info] 2004 포트에서 서버가 시작되었습니다. ddd
[2025-06-15T18:35:01.052Z] [info] 2025-06-16 03:35:01
[2025-06-15T18:35:18.836Z] [info] 2004 포트에서 서버가 시작되었습니다.
[2025-06-15T18:35:18.838Z] [info] 2025-06-16 03:35:18
[2025-06-15T18:35:51.410Z] [info] 2004 포트에서 서버가 시작되었습니다.
[2025-06-15T18:35:51.412Z] [info] 2025-06-16 03:35:51
[2025-06-15T18:36:03.776Z] [info] 2004 포트에서 서버가 시작되었습니다.
[2025-06-15T18:36:03.778Z] [info] 2025-06-16 03:36:03
[2025-06-15T18:36:18.821Z] [info] 2004 포트에서 서버가 시작되었습니다.
[2025-06-15T18:36:18.823Z] [info] 2025-06-16 03:36:18
[2025-06-16T16:22:16.993Z] [info] 2004 포트에서 서버가 시작되었습니다.
[2025-06-16T16:22:16.994Z] [info] 2025-06-17 01:22:16
[2025-06-17T06:06:04.866Z] [info] 2004 포트에서 서버가 시작되었습니다.
[2025-06-17T06:06:04.871Z] [info] 2025-06-17 15:06:04
[2025-06-17T06:39:46.222Z] [info] 2004 포트에서 서버가 시작되었습니다.
[2025-06-17T06:39:46.224Z] [info] 2025-06-17 15:39:46
[2025-06-17T06:48:58.334Z] [info] 2004 포트에서 서버가 시작되었습니다.
[2025-06-17T06:48:58.335Z] [info] 2025-06-17 15:48:58
[2025-06-17T06:49:30.260Z] [info] 2004 포트에서 서버가 시작되었습니다.
[2025-06-17T06:49:30.264Z] [info] 2025-06-17 15:49:30
[2025-06-17T06:56:51.137Z] [info] 2004 포트에서 서버가 시작되었습니다.
[2025-06-17T06:56:51.139Z] [info] 2025-06-17 15:56:51
[2025-06-17T06:58:56.371Z] [info] 2004 포트에서 서버가 시작되었습니다.
[2025-06-17T06:58:56.373Z] [info] 2025-06-17 15:58:56
[2025-06-17T06:59:30.951Z] [info] 2004 포트에서 서버가 시작되었습니다.
[2025-06-17T06:59:30.952Z] [info] 2025-06-17 15:59:30
[2025-06-17T08:02:20.770Z] [info] 2004 포트에서 서버가 시작되었습니다.
[2025-06-17T08:02:20.772Z] [info] 2025-06-17 17:02:20
[2025-06-17T08:02:46.031Z] [info] 2004 포트에서 서버가 시작되었습니다.
[2025-06-17T08:02:46.033Z] [info] 2025-06-17 17:02:46
[2025-06-17T08:58:19.795Z] [info] 2004 포트에서 서버가 시작되었습니다.
[2025-06-17T08:58:19.797Z] [info] 2025-06-17 17:58:19
[2025-06-17T14:19:33.781Z] [info] 2004 포트에서 서버가 시작되었습니다.
[2025-06-17T14:19:33.783Z] [info] 2025-06-17 23:19:33
[2025-06-21T16:30:30.213Z] [info] 2004 포트에서 서버가 시작되었습니다.
[2025-06-21T16:30:30.214Z] [info] 2025-06-22 01:30:30
[2025-06-24T07:54:28.390Z] [info] 2004 포트에서 서버가 시작되었습니다.
[2025-06-24T07:54:28.392Z] [info] 2025-06-24 16:54:28
[2025-06-25T06:35:32.874Z] [info] 2004 포트에서 서버가 시작되었습니다.
[2025-06-25T06:35:32.877Z] [info] 2025-06-25 15:35:32
[2025-06-25T07:14:03.786Z] [info] 2004 포트에서 서버가 시작되었습니다.
[2025-06-25T07:14:03.788Z] [info] 2025-06-25 16:14:03
[2025-06-25T14:29:05.844Z] [info] 2004 포트에서 서버가 시작되었습니다.
[2025-06-25T14:29:05.846Z] [info] 2025-06-25 23:29:05
[2025-06-25T16:57:02.462Z] [info] 2004 포트에서 서버가 시작되었습니다.
[2025-06-25T16:57:02.464Z] [info] 2025-06-26 01:57:02
[2025-06-25T17:29:28.661Z] [info] 2004 포트에서 서버가 시작되었습니다.
[2025-06-25T17:29:28.662Z] [info] 2025-06-26 02:29:28
[2025-06-25T17:31:17.369Z] [info] 2004 포트에서 서버가 시작되었습니다.
[2025-06-25T17:31:17.372Z] [info] 2025-06-26 02:31:17
[2025-06-25T17:44:52.101Z] [info] 2004 포트에서 서버가 시작되었습니다.
[2025-06-25T17:44:52.103Z] [info] 2025-06-26 02:44:52
[2025-06-26T04:28:51.130Z] [info] 2004 포트에서 서버가 시작되었습니다.
[2025-06-26T04:28:51.132Z] [info] 2025-06-26 13:28:51
[2025-06-26T09:26:41.763Z] [info] 2004 포트에서 서버가 시작되었습니다.
[2025-06-26T09:26:41.764Z] [info] 2025-06-26 18:26:41
[2025-06-26T17:08:12.419Z] [info] 2004 포트에서 서버가 시작되었습니다.
[2025-06-26T17:08:12.423Z] [info] 2025-06-27 02:08:12
[2025-06-27T17:19:39.698Z] [info] 2004 포트에서 서버가 시작되었습니다.
[2025-06-27T17:19:39.699Z] [info] 2025-06-28 02:19:39
[2025-06-27T21:36:29.317Z] [info] 2004 포트에서 서버가 시작되었습니다.
[2025-06-27T21:36:29.320Z] [info] 2025-06-28 06:36:29
[2025-07-02T12:20:40.583Z] [info] 2004 포트에서 서버가 시작되었습니다.
[2025-07-02T12:20:40.584Z] [info] 2025-07-02 21:20:40
[2025-07-23T13:08:36.201Z] [info] 2004 포트에서 서버가 시작되었습니다.
[2025-07-23T13:08:36.203Z] [info] 2025-07-23 22:08:36
[2025-08-02T08:49:30.613Z] [info] 2004 포트에서 서버가 시작되었습니다.
[2025-08-02T08:49:30.615Z] [info] 2025-08-02 17:49:30
[2025-08-02T08:51:25.449Z] [info] 2004 포트에서 서버가 시작되었습니다.
[2025-08-02T08:51:25.451Z] [info] 2025-08-02 17:51:25
[2025-08-02T08:52:57.982Z] [info] 2004 포트에서 서버가 시작되었습니다.
[2025-08-02T08:52:57.984Z] [info] 2025-08-02 17:52:57
[2025-08-02T08:55:02.413Z] [info] 2004 포트에서 서버가 시작되었습니다.
[2025-08-02T08:55:02.415Z] [info] 2025-08-02 17:55:02
[2025-08-03T18:30:09.902Z] [info] 2004 포트에서 서버가 시작되었습니다.
[2025-08-03T18:30:09.904Z] [info] 2025-08-04 03:30:09
[2025-08-03T19:09:48.398Z] [info] 2004 포트에서 서버가 시작되었습니다.
[2025-08-03T19:09:48.401Z] [info] 2025-08-04 04:09:48
[2025-08-03T19:10:25.804Z] [info] 2004 포트에서 서버가 시작되었습니다.
[2025-08-03T19:10:25.807Z] [info] 2025-08-04 04:10:25
[2025-08-03T19:10:45.035Z] [info] 2004 포트에서 서버가 시작되었습니다.
[2025-08-03T19:10:45.038Z] [info] 2025-08-04 04:10:45
[2025-08-03T19:14:04.479Z] [info] 2004 포트에서 서버가 시작되었습니다.
[2025-08-03T19:14:04.482Z] [info] 2025-08-04 04:14:04
[2025-08-03T19:14:35.436Z] [info] 2004 포트에서 서버가 시작되었습니다.
[2025-08-03T19:14:35.439Z] [info] 2025-08-04 04:14:35
[2025-08-03T19:25:06.492Z] [info] 2004 포트에서 서버가 시작되었습니다.
[2025-08-03T19:25:06.494Z] [info] 2025-08-04 04:25:06
[2025-08-03T19:25:29.990Z] [info] 2004 포트에서 서버가 시작되었습니다.
[2025-08-03T19:25:29.996Z] [info] 2025-08-04 04:25:29
[2025-08-03T19:38:43.655Z] [info] 2004 포트에서 서버가 시작되었습니다.
[2025-08-03T19:38:43.659Z] [info] 2025-08-04 04:38:43
[2025-08-03T19:56:39.941Z] [info] 2004 포트에서 서버가 시작되었습니다.
[2025-08-03T19:56:39.944Z] [info] 2025-08-04 04:56:39
[2025-08-03T19:56:49.362Z] [info] 2004 포트에서 서버가 시작되었습니다.
[2025-08-03T19:56:49.365Z] [info] 2025-08-04 04:56:49
[2025-08-03T19:57:13.167Z] [info] 2004 포트에서 서버가 시작되었습니다.
[2025-08-03T19:57:13.179Z] [info] 2025-08-04 04:57:13
[2025-08-03T19:57:24.269Z] [info] 2004 포트에서 서버가 시작되었습니다.
[2025-08-03T19:57:24.276Z] [info] 2025-08-04 04:57:24
[2025-08-03T19:57:58.582Z] [info] 2004 포트에서 서버가 시작되었습니다.
[2025-08-03T19:57:58.585Z] [info] 2025-08-04 04:57:58
[2025-08-03T19:58:24.946Z] [info] 2004 포트에서 서버가 시작되었습니다.
[2025-08-03T19:58:24.951Z] [info] 2025-08-04 04:58:24
[2025-08-03T19:59:05.214Z] [info] 2004 포트에서 서버가 시작되었습니다.
[2025-08-03T19:59:05.216Z] [info] 2025-08-04 04:59:05
[2025-08-03T20:06:20.649Z] [info] 2004 포트에서 서버가 시작되었습니다.
[2025-08-03T20:06:20.651Z] [info] 2025-08-04 05:06:20
[2025-08-04T08:07:23.597Z] [info] 2004 포트에서 서버가 시작되었습니다.
[2025-08-04T08:07:23.600Z] [info] 2025-08-04 17:07:23
[2025-08-04T08:33:12.306Z] [info] 2004 포트에서 서버가 시작되었습니다.
[2025-08-04T08:33:12.310Z] [info] 2025-08-04 17:33:12
[2025-08-04T16:49:27.593Z] [info] 2004 포트에서 서버가 시작되었습니다.
[2025-08-04T16:49:27.595Z] [info] 2025-08-05 01:49:27
[2025-08-04T17:06:25.091Z] [info] 2004 포트에서 서버가 시작되었습니다.
[2025-08-04T17:06:25.095Z] [info] 2025-08-05 02:06:25
[2025-08-04T17:09:04.650Z] [info] 2004 포트에서 서버가 시작되었습니다.
[2025-08-04T17:09:04.652Z] [info] 2025-08-05 02:09:04
[2025-08-04T17:15:09.600Z] [info] 2004 포트에서 서버가 시작되었습니다.
[2025-08-04T17:15:09.603Z] [info] 2025-08-05 02:15:09
[2025-08-04T17:35:08.126Z] [info] 2004 포트에서 서버가 시작되었습니다.
[2025-08-04T17:35:08.128Z] [info] 2025-08-05 02:35:08
[2025-08-04T17:36:30.899Z] [info] 2004 포트에서 서버가 시작되었습니다.
[2025-08-04T17:36:30.902Z] [info] 2025-08-05 02:36:30
[2025-08-04T18:03:34.334Z] [info] 2004 포트에서 서버가 시작되었습니다.
[2025-08-04T18:03:34.337Z] [info] 2025-08-05 03:03:34
[2025-08-04T18:11:50.049Z] [info] 2004 포트에서 서버가 시작되었습니다.
[2025-08-04T18:11:50.052Z] [info] 2025-08-05 03:11:50
[2025-08-04T18:16:08.258Z] [info] 2004 포트에서 서버가 시작되었습니다.
[2025-08-04T18:16:08.261Z] [info] 2025-08-05 03:16:08
[2025-08-04T19:02:30.915Z] [info] 2004 포트에서 서버가 시작되었습니다.
[2025-08-04T19:02:30.917Z] [info] 2025-08-05 04:02:30
[2025-08-04T19:06:28.596Z] [info] 2004 포트에서 서버가 시작되었습니다.
[2025-08-04T19:06:28.599Z] [info] 2025-08-05 04:06:28
[2025-08-05T01:07:40.543Z] [info] 2004 포트에서 서버가 시작되었습니다.
[2025-08-05T01:07:40.547Z] [info] 2025-08-05 10:07:40
[2025-08-05T01:29:46.001Z] [info] 2004 포트에서 서버가 시작되었습니다.
[2025-08-05T01:29:46.004Z] [info] 2025-08-05 10:29:46
[2025-08-05T11:57:06.972Z] [info] 2004 포트에서 서버가 시작되었습니다.
[2025-08-05T11:57:06.974Z] [info] 2025-08-05 20:57:06
[2025-08-05T12:10:04.821Z] [info] 2004 포트에서 서버가 시작되었습니다.
[2025-08-05T12:10:04.823Z] [info] 2025-08-05 21:10:04
[2025-08-05T12:16:55.738Z] [info] 2004 포트에서 서버가 시작되었습니다.
[2025-08-05T12:16:55.740Z] [info] 2025-08-05 21:16:55
[2025-08-05T12:25:37.097Z] [info] 2004 포트에서 서버가 시작되었습니다.
[2025-08-05T12:25:37.100Z] [info] 2025-08-05 21:25:37
[2025-08-05T12:29:05.119Z] [info] 2004 포트에서 서버가 시작되었습니다.
[2025-08-05T12:29:05.122Z] [info] 2025-08-05 21:29:05
[2025-08-05T12:36:08.556Z] [info] 2004 포트에서 서버가 시작되었습니다.
[2025-08-05T12:36:08.558Z] [info] 2025-08-05 21:36:08
[2025-08-05T12:36:48.314Z] [info] 2004 포트에서 서버가 시작되었습니다.
[2025-08-05T12:36:48.316Z] [info] 2025-08-05 21:36:48
[2025-08-05T12:37:03.634Z] [info] 2004 포트에서 서버가 시작되었습니다.
[2025-08-05T12:37:03.640Z] [info] 2025-08-05 21:37:03
[2025-08-05T12:37:18.637Z] [info] 2004 포트에서 서버가 시작되었습니다.
[2025-08-05T12:37:18.639Z] [info] 2025-08-05 21:37:18
[2025-08-05T12:39:37.265Z] [info] 2004 포트에서 서버가 시작되었습니다.
[2025-08-05T12:39:37.267Z] [info] 2025-08-05 21:39:37
[2025-08-05T12:40:07.417Z] [info] 2004 포트에서 서버가 시작되었습니다.
[2025-08-05T12:40:07.419Z] [info] 2025-08-05 21:40:07
[2025-08-05T12:41:24.892Z] [info] 2004 포트에서 서버가 시작되었습니다.
[2025-08-05T12:41:24.894Z] [info] 2025-08-05 21:41:24
[2025-08-05T16:11:14.646Z] [info] 2004 포트에서 서버가 시작되었습니다.
[2025-08-05T16:11:14.648Z] [info] 2025-08-06 01:11:14
[2025-08-05T16:11:41.334Z] [info] 2004 포트에서 서버가 시작되었습니다.
[2025-08-05T16:11:41.338Z] [info] 2025-08-06 01:11:41
[2025-08-05T16:19:12.063Z] [info] 2004 포트에서 서버가 시작되었습니다.
[2025-08-05T16:19:12.066Z] [info] 2025-08-06 01:19:12
[2025-08-05T16:19:24.101Z] [info] 2004 포트에서 서버가 시작되었습니다.
[2025-08-05T16:19:24.103Z] [info] 2025-08-06 01:19:24
[2025-08-05T16:19:30.678Z] [info] 2004 포트에서 서버가 시작되었습니다.
[2025-08-05T16:19:30.681Z] [info] 2025-08-06 01:19:30
[2025-08-05T16:40:00.613Z] [info] 2004 포트에서 서버가 시작되었습니다.
[2025-08-05T16:40:00.616Z] [info] 2025-08-06 01:40:00
[2025-08-05T16:42:09.076Z] [info] 2004 포트에서 서버가 시작되었습니다.
[2025-08-05T16:42:09.078Z] [info] 2025-08-06 01:42:09
[2025-08-05T17:01:03.018Z] [info] 2004 포트에서 서버가 시작되었습니다.
[2025-08-05T17:01:03.022Z] [info] 2025-08-06 02:01:03
[2025-08-05T17:01:46.853Z] [info] 2004 포트에서 서버가 시작되었습니다.
[2025-08-05T17:01:46.858Z] [info] 2025-08-06 02:01:46
[2025-08-05T17:31:33.926Z] [info] 2004 포트에서 서버가 시작되었습니다.
[2025-08-05T17:31:33.928Z] [info] 2025-08-06 02:31:33
[2025-08-05T17:46:42.184Z] [info] 2004 포트에서 서버가 시작되었습니다.
[2025-08-05T17:46:42.187Z] [info] 2025-08-06 02:46:42
[2025-08-05T18:31:02.231Z] [info] 2004 포트에서 서버가 시작되었습니다.
[2025-08-05T18:31:02.233Z] [info] 2025-08-06 03:31:02
[2025-08-05T18:33:45.624Z] [info] 2004 포트에서 서버가 시작되었습니다.
[2025-08-05T18:33:45.626Z] [info] 2025-08-06 03:33:45
[2025-08-05T18:33:52.395Z] [info] 2004 포트에서 서버가 시작되었습니다.
[2025-08-05T18:33:52.397Z] [info] 2025-08-06 03:33:52
[2025-08-05T18:45:47.089Z] [info] 2004 포트에서 서버가 시작되었습니다.
[2025-08-05T18:45:47.091Z] [info] 2025-08-06 03:45:47
[2025-08-05T18:45:57.542Z] [info] 2004 포트에서 서버가 시작되었습니다.
[2025-08-05T18:45:57.544Z] [info] 2025-08-06 03:45:57
[2025-08-05T18:53:34.954Z] [info] 2004 포트에서 서버가 시작되었습니다.
[2025-08-05T18:53:34.956Z] [info] 2025-08-06 03:53:34
[2025-08-05T18:56:13.717Z] [info] 2004 포트에서 서버가 시작되었습니다.
[2025-08-05T18:56:13.719Z] [info] 2025-08-06 03:56:13
[2025-08-05T18:56:57.926Z] [info] 2004 포트에서 서버가 시작되었습니다.
[2025-08-05T18:56:57.929Z] [info] 2025-08-06 03:56:57
[2025-08-05T19:04:23.411Z] [info] 2004 포트에서 서버가 시작되었습니다.
[2025-08-05T19:04:23.413Z] [info] 2025-08-06 04:04:23
[2025-08-05T19:11:02.693Z] [info] 2004 포트에서 서버가 시작되었습니다.
[2025-08-05T19:11:02.695Z] [info] 2025-08-06 04:11:02
[2025-08-05T19:11:09.684Z] [info] 2004 포트에서 서버가 시작되었습니다.
[2025-08-05T19:11:09.686Z] [info] 2025-08-06 04:11:09
[2025-08-05T19:14:35.069Z] [info] 2004 포트에서 서버가 시작되었습니다.
[2025-08-05T19:14:35.072Z] [info] 2025-08-06 04:14:35
[2025-08-05T19:16:21.692Z] [info] 2004 포트에서 서버가 시작되었습니다.
[2025-08-05T19:16:21.694Z] [info] 2025-08-06 04:16:21
[2025-08-05T19:16:33.127Z] [info] 2004 포트에서 서버가 시작되었습니다.
[2025-08-05T19:16:33.129Z] [info] 2025-08-06 04:16:33
[2025-08-05T19:17:36.007Z] [info] 2004 포트에서 서버가 시작되었습니다.
[2025-08-05T19:17:36.010Z] [info] 2025-08-06 04:17:36
[2025-08-05T19:18:45.897Z] [info] 2004 포트에서 서버가 시작되었습니다.
[2025-08-05T19:18:45.899Z] [info] 2025-08-06 04:18:45
[2025-08-05T19:22:38.273Z] [info] 2004 포트에서 서버가 시작되었습니다.
[2025-08-05T19:22:38.275Z] [info] 2025-08-06 04:22:38
[2025-08-05T19:22:51.702Z] [info] 2004 포트에서 서버가 시작되었습니다.
[2025-08-05T19:22:51.705Z] [info] 2025-08-06 04:22:51
[2025-08-05T19:52:09.370Z] [info] 2004 포트에서 서버가 시작되었습니다.
[2025-08-05T19:52:09.373Z] [info] 2025-08-06 04:52:09
[2025-08-05T19:55:59.600Z] [info] 2004 포트에서 서버가 시작되었습니다.
[2025-08-05T19:55:59.603Z] [info] 2025-08-06 04:55:59
<<<<<<< HEAD
[2025-08-05T20:29:27.136Z] [info] 2004 포트에서 서버가 시작되었습니다.
[2025-08-05T20:29:27.138Z] [info] 2025-08-06 05:29:27
=======
>>>>>>> feat/25_new_controller
[2025-08-07T18:09:59.936Z] [info] 2004 포트에서 서버가 시작되었습니다.
[2025-08-07T18:09:59.939Z] [info] 2025-08-08 03:09:59
[2025-08-07T18:20:23.410Z] [info] 2004 포트에서 서버가 시작되었습니다.
[2025-08-07T18:20:23.414Z] [info] 2025-08-08 03:20:23
[2025-08-07T21:26:15.691Z] [info] 2004 포트에서 서버가 시작되었습니다.
[2025-08-07T21:26:15.693Z] [info] 2025-08-08 06:26:15
[2025-08-08T08:25:50.637Z] [info] 2004 포트에서 서버가 시작되었습니다.
[2025-08-08T08:25:50.641Z] [info] 2025-08-08 17:25:50
[2025-08-08T14:41:04.053Z] [info] 2004 포트에서 서버가 시작되었습니다.
[2025-08-08T14:41:04.056Z] [info] 2025-08-08 23:41:04
[2025-08-08T15:00:19.012Z] [info] 2004 포트에서 서버가 시작되었습니다.
[2025-08-08T15:00:19.014Z] [info] 2025-08-09 00:00:19
[2025-08-08T15:38:04.663Z] [info] 2004 포트에서 서버가 시작되었습니다.
[2025-08-08T15:38:04.665Z] [info] 2025-08-09 00:38:04
